<?xml version="1.0" encoding="UTF-8"?>
<!-- Generated by org.testng.reporters.JUnitXMLReporter -->
<testsuite ignored="0" hostname="DESKTOP-J05U73U" failures="0" tests="6" name="Test" time="0.048" errors="0" timestamp="11 Apr 2019 23:48:53 GMT">
  <testcase classname="qatesting.AppiumTest" name="IOSApps" time="0.008"/>
  <testcase classname="qatesting.AppiumTest" name="NativeAppAndroid" time="0.0"/>
  <testcase classname="qatesting.RESTAPITest" name="deletTwitter" time="0.0"/>
  <testcase classname="qatesting.RESTAPITest" name="postJira" time="0.0"/>
  <testcase classname="qatesting.SeleniumTest" name="BrowserAutomation" time="0.001"/>
  <testcase classname="qatesting.SeleniumTest" name="elementUI" time="0.001"/>
</testsuite> <!-- Test -->
