<?xml version="1.0" encoding="UTF-8"?>
<testng-results ignored="0" total="6" passed="6" failed="0" skipped="0">
  <reporter-output>
  </reporter-output>
  <suite started-at="2019-04-11T23:48:53Z" name="Suite" finished-at="2019-04-11T23:48:53Z" duration-ms="48">
    <groups>
    </groups>
    <test started-at="2019-04-11T23:48:53Z" name="Test" finished-at="2019-04-11T23:48:53Z" duration-ms="48">
      <class name="qatesting.SeleniumTest">
        <test-method signature="BrowserAutomation()[pri:0, instance:qatesting.SeleniumTest@b3ca52e]" started-at="2019-04-11T23:48:53Z" name="BrowserAutomation" finished-at="2019-04-11T23:48:53Z" duration-ms="1" status="PASS">
          <reporter-output>
          </reporter-output>
        </test-method> <!-- BrowserAutomation -->
        <test-method signature="elementUI()[pri:0, instance:qatesting.SeleniumTest@b3ca52e]" started-at="2019-04-11T23:48:53Z" name="elementUI" finished-at="2019-04-11T23:48:53Z" duration-ms="1" status="PASS">
          <reporter-output>
          </reporter-output>
        </test-method> <!-- elementUI -->
      </class> <!-- qatesting.SeleniumTest -->
      <class name="qatesting.RESTAPITest">
        <test-method signature="deletTwitter()[pri:0, instance:qatesting.RESTAPITest@279fedbd]" started-at="2019-04-11T23:48:53Z" name="deletTwitter" finished-at="2019-04-11T23:48:53Z" duration-ms="0" status="PASS">
          <reporter-output>
          </reporter-output>
        </test-method> <!-- deletTwitter -->
        <test-method signature="postJira()[pri:0, instance:qatesting.RESTAPITest@279fedbd]" started-at="2019-04-11T23:48:53Z" name="postJira" finished-at="2019-04-11T23:48:53Z" duration-ms="0" status="PASS">
          <reporter-output>
          </reporter-output>
        </test-method> <!-- postJira -->
      </class> <!-- qatesting.RESTAPITest -->
      <class name="qatesting.AppiumTest">
        <test-method signature="IOSApps()[pri:0, instance:qatesting.AppiumTest@752325ad]" started-at="2019-04-11T23:48:53Z" name="IOSApps" finished-at="2019-04-11T23:48:53Z" duration-ms="8" status="PASS">
          <reporter-output>
          </reporter-output>
        </test-method> <!-- IOSApps -->
        <test-method signature="NativeAppAndroid()[pri:0, instance:qatesting.AppiumTest@752325ad]" started-at="2019-04-11T23:48:53Z" name="NativeAppAndroid" finished-at="2019-04-11T23:48:53Z" duration-ms="0" status="PASS">
          <reporter-output>
          </reporter-output>
        </test-method> <!-- NativeAppAndroid -->
      </class> <!-- qatesting.AppiumTest -->
    </test> <!-- Test -->
  </suite> <!-- Suite -->
</testng-results>
